<?xml version="1.0" encoding="UTF-8"?>
<testng-results skipped="0" failed="0" ignored="0" total="1" passed="1">
  <reporter-output>
  </reporter-output>
  <suite name="Default suite" duration-ms="92761" started-at="2019-02-23T06:46:32Z" finished-at="2019-02-23T06:48:05Z">
    <groups>
    </groups>
    <test name="Default test" duration-ms="92761" started-at="2019-02-23T06:46:32Z" finished-at="2019-02-23T06:48:05Z">
      <class name="com.testcases.MySlidebox_TestCases">
        <test-method status="PASS" signature="openMy_slidebox()[pri:0, instance:com.testcases.MySlidebox_TestCases@76a3e297]" name="openMy_slidebox" duration-ms="41762" started-at="2019-02-23T06:46:32Z" finished-at="2019-02-23T06:47:14Z">
          <reporter-output>
          </reporter-output>
        </test-method> <!-- openMy_slidebox -->
        <test-method status="PASS" signature="My_SlideboxFunctios()[pri:0, instance:com.testcases.MySlidebox_TestCases@76a3e297]" name="My_SlideboxFunctios" is-config="true" duration-ms="50938" started-at="2019-02-23T06:47:14Z" finished-at="2019-02-23T06:48:05Z">
          <reporter-output>
          </reporter-output>
        </test-method> <!-- My_SlideboxFunctios -->
      </class> <!-- com.testcases.MySlidebox_TestCases -->
    </test> <!-- Default test -->
  </suite> <!-- Default suite -->
</testng-results>
